[2026-03-20T06:57:41.591+0000] {manager.py:469} INFO - Processing files using up to 2 processes at a time 
[2026-03-20T06:57:41.592+0000] {manager.py:470} INFO - Process each file at most once every 30 seconds
[2026-03-20T06:57:41.592+0000] {manager.py:471} INFO - Checking for new files in /opt/airflow/dags every 300 seconds
[2026-03-20T06:57:41.592+0000] {manager.py:738} INFO - Searching for files in /opt/airflow/dags
[2026-03-20T06:57:41.592+0000] {manager.py:741} INFO - There are 0 files in /opt/airflow/dags
[2026-03-20T07:02:37.973+0000] {manager.py:451} INFO - Exiting gracefully upon receiving signal 15
[2026-03-20T07:03:16.170+0000] {manager.py:469} INFO - Processing files using up to 2 processes at a time 
[2026-03-20T07:03:16.170+0000] {manager.py:470} INFO - Process each file at most once every 30 seconds
[2026-03-20T07:03:16.171+0000] {manager.py:471} INFO - Checking for new files in /opt/airflow/dags every 300 seconds
[2026-03-20T07:03:16.171+0000] {manager.py:738} INFO - Searching for files in /opt/airflow/dags
[2026-03-20T07:03:16.171+0000] {manager.py:741} INFO - There are 0 files in /opt/airflow/dags
[2026-03-20T07:06:39.495+0000] {manager.py:451} INFO - Exiting gracefully upon receiving signal 15
[2026-03-20T07:07:09.827+0000] {manager.py:469} INFO - Processing files using up to 2 processes at a time 
[2026-03-20T07:07:09.828+0000] {manager.py:470} INFO - Process each file at most once every 30 seconds
[2026-03-20T07:07:09.828+0000] {manager.py:471} INFO - Checking for new files in /opt/airflow/dags every 300 seconds
[2026-03-20T07:07:09.828+0000] {manager.py:738} INFO - Searching for files in /opt/airflow/dags
[2026-03-20T07:07:09.830+0000] {manager.py:741} INFO - There are 0 files in /opt/airflow/dags
[2026-03-20T07:12:08.362+0000] {manager.py:451} INFO - Exiting gracefully upon receiving signal 15
[2026-03-20T07:12:33.343+0000] {manager.py:469} INFO - Processing files using up to 2 processes at a time 
[2026-03-20T07:12:33.343+0000] {manager.py:470} INFO - Process each file at most once every 30 seconds
[2026-03-20T07:12:33.343+0000] {manager.py:471} INFO - Checking for new files in /opt/airflow/dags every 300 seconds
[2026-03-20T07:12:33.344+0000] {manager.py:738} INFO - Searching for files in /opt/airflow/dags
[2026-03-20T07:12:33.344+0000] {manager.py:741} INFO - There are 0 files in /opt/airflow/dags
[2026-03-20T07:17:33.381+0000] {manager.py:738} INFO - Searching for files in /opt/airflow/dags
[2026-03-20T07:17:33.382+0000] {manager.py:741} INFO - There are 0 files in /opt/airflow/dags
[2026-03-20T07:22:33.413+0000] {manager.py:738} INFO - Searching for files in /opt/airflow/dags
[2026-03-20T07:22:33.414+0000] {manager.py:741} INFO - There are 0 files in /opt/airflow/dags
[2026-03-20T07:27:33.520+0000] {manager.py:738} INFO - Searching for files in /opt/airflow/dags
[2026-03-20T07:27:33.521+0000] {manager.py:741} INFO - There are 0 files in /opt/airflow/dags
[2026-03-20T07:32:33.599+0000] {manager.py:738} INFO - Searching for files in /opt/airflow/dags
[2026-03-20T07:32:33.601+0000] {manager.py:741} INFO - There are 0 files in /opt/airflow/dags
[2026-03-20T07:37:33.639+0000] {manager.py:738} INFO - Searching for files in /opt/airflow/dags
[2026-03-20T07:37:33.640+0000] {manager.py:741} INFO - There are 0 files in /opt/airflow/dags
[2026-03-20T07:42:33.717+0000] {manager.py:738} INFO - Searching for files in /opt/airflow/dags
[2026-03-20T07:42:33.718+0000] {manager.py:741} INFO - There are 0 files in /opt/airflow/dags
[2026-03-20T07:47:33.747+0000] {manager.py:738} INFO - Searching for files in /opt/airflow/dags
[2026-03-20T07:47:33.749+0000] {manager.py:741} INFO - There are 0 files in /opt/airflow/dags
[2026-03-20T07:52:33.848+0000] {manager.py:738} INFO - Searching for files in /opt/airflow/dags
[2026-03-20T07:52:33.850+0000] {manager.py:741} INFO - There are 0 files in /opt/airflow/dags
[2026-03-20T07:57:33.895+0000] {manager.py:738} INFO - Searching for files in /opt/airflow/dags
[2026-03-20T07:57:33.898+0000] {manager.py:741} INFO - There are 0 files in /opt/airflow/dags
[2026-03-20T08:02:34.237+0000] {manager.py:738} INFO - Searching for files in /opt/airflow/dags
[2026-03-20T08:02:34.241+0000] {manager.py:741} INFO - There are 0 files in /opt/airflow/dags
[2026-03-20T08:07:34.441+0000] {manager.py:738} INFO - Searching for files in /opt/airflow/dags
[2026-03-20T08:07:34.443+0000] {manager.py:741} INFO - There are 0 files in /opt/airflow/dags
[2026-03-20T08:12:34.720+0000] {manager.py:738} INFO - Searching for files in /opt/airflow/dags
[2026-03-20T08:12:34.721+0000] {manager.py:741} INFO - There are 0 files in /opt/airflow/dags
[2026-03-20T08:17:34.784+0000] {manager.py:738} INFO - Searching for files in /opt/airflow/dags
[2026-03-20T08:17:34.786+0000] {manager.py:741} INFO - There are 0 files in /opt/airflow/dags
[2026-03-20T08:22:34.855+0000] {manager.py:738} INFO - Searching for files in /opt/airflow/dags
[2026-03-20T08:22:34.857+0000] {manager.py:741} INFO - There are 0 files in /opt/airflow/dags
[2026-03-20T08:27:34.861+0000] {manager.py:738} INFO - Searching for files in /opt/airflow/dags
[2026-03-20T08:27:34.864+0000] {manager.py:741} INFO - There are 0 files in /opt/airflow/dags
[2026-03-20T08:32:35.849+0000] {manager.py:738} INFO - Searching for files in /opt/airflow/dags
[2026-03-20T08:32:35.852+0000] {manager.py:741} INFO - There are 0 files in /opt/airflow/dags
[2026-03-20T08:37:35.929+0000] {manager.py:738} INFO - Searching for files in /opt/airflow/dags
[2026-03-20T08:37:35.932+0000] {manager.py:741} INFO - There are 0 files in /opt/airflow/dags
[2026-03-20T08:42:36.024+0000] {manager.py:738} INFO - Searching for files in /opt/airflow/dags
[2026-03-20T08:42:36.028+0000] {manager.py:741} INFO - There are 0 files in /opt/airflow/dags
[2026-03-20T08:47:36.237+0000] {manager.py:738} INFO - Searching for files in /opt/airflow/dags
[2026-03-20T08:47:36.240+0000] {manager.py:741} INFO - There are 0 files in /opt/airflow/dags
[2026-03-20T08:52:36.582+0000] {manager.py:738} INFO - Searching for files in /opt/airflow/dags
[2026-03-20T08:52:36.585+0000] {manager.py:741} INFO - There are 0 files in /opt/airflow/dags
[2026-03-20T08:57:36.823+0000] {manager.py:738} INFO - Searching for files in /opt/airflow/dags
[2026-03-20T08:57:36.824+0000] {manager.py:741} INFO - There are 0 files in /opt/airflow/dags
[2026-03-20T09:02:36.919+0000] {manager.py:738} INFO - Searching for files in /opt/airflow/dags
[2026-03-20T09:02:36.922+0000] {manager.py:741} INFO - There are 0 files in /opt/airflow/dags
[2026-03-20T09:07:36.968+0000] {manager.py:738} INFO - Searching for files in /opt/airflow/dags
[2026-03-20T09:07:36.971+0000] {manager.py:741} INFO - There are 0 files in /opt/airflow/dags
[2026-03-20T09:12:37.042+0000] {manager.py:738} INFO - Searching for files in /opt/airflow/dags
[2026-03-20T09:12:37.042+0000] {manager.py:741} INFO - There are 0 files in /opt/airflow/dags
[2026-03-20T09:17:37.162+0000] {manager.py:738} INFO - Searching for files in /opt/airflow/dags
[2026-03-20T09:17:37.164+0000] {manager.py:741} INFO - There are 0 files in /opt/airflow/dags
[2026-03-20T09:22:37.197+0000] {manager.py:738} INFO - Searching for files in /opt/airflow/dags
[2026-03-20T09:22:37.200+0000] {manager.py:741} INFO - There are 0 files in /opt/airflow/dags
[2026-03-20T09:27:37.321+0000] {manager.py:738} INFO - Searching for files in /opt/airflow/dags
[2026-03-20T09:27:37.323+0000] {manager.py:741} INFO - There are 0 files in /opt/airflow/dags
[2026-03-20T09:32:37.421+0000] {manager.py:738} INFO - Searching for files in /opt/airflow/dags
[2026-03-20T09:32:37.425+0000] {manager.py:741} INFO - There are 0 files in /opt/airflow/dags
[2026-03-20T09:37:37.572+0000] {manager.py:738} INFO - Searching for files in /opt/airflow/dags
[2026-03-20T09:37:37.574+0000] {manager.py:741} INFO - There are 0 files in /opt/airflow/dags
[2026-03-20T09:42:37.878+0000] {manager.py:738} INFO - Searching for files in /opt/airflow/dags
[2026-03-20T09:42:37.880+0000] {manager.py:741} INFO - There are 0 files in /opt/airflow/dags
[2026-03-20T09:47:38.069+0000] {manager.py:738} INFO - Searching for files in /opt/airflow/dags
[2026-03-20T09:47:38.071+0000] {manager.py:741} INFO - There are 0 files in /opt/airflow/dags
[2026-03-20T09:52:38.218+0000] {manager.py:738} INFO - Searching for files in /opt/airflow/dags
[2026-03-20T09:52:38.219+0000] {manager.py:741} INFO - There are 0 files in /opt/airflow/dags
[2026-03-20T09:57:38.269+0000] {manager.py:738} INFO - Searching for files in /opt/airflow/dags
[2026-03-20T09:57:38.271+0000] {manager.py:741} INFO - There are 0 files in /opt/airflow/dags
[2026-03-20T10:02:38.270+0000] {manager.py:738} INFO - Searching for files in /opt/airflow/dags
[2026-03-20T10:02:38.271+0000] {manager.py:741} INFO - There are 0 files in /opt/airflow/dags
[2026-03-20T10:07:39.264+0000] {manager.py:738} INFO - Searching for files in /opt/airflow/dags
[2026-03-20T10:07:39.264+0000] {manager.py:741} INFO - There are 0 files in /opt/airflow/dags
[2026-03-20T10:12:39.303+0000] {manager.py:738} INFO - Searching for files in /opt/airflow/dags
[2026-03-20T10:12:39.305+0000] {manager.py:741} INFO - There are 0 files in /opt/airflow/dags
[2026-03-20T10:17:39.324+0000] {manager.py:738} INFO - Searching for files in /opt/airflow/dags
[2026-03-20T10:17:39.325+0000] {manager.py:741} INFO - There are 0 files in /opt/airflow/dags
[2026-03-20T10:22:39.335+0000] {manager.py:738} INFO - Searching for files in /opt/airflow/dags
[2026-03-20T10:22:39.337+0000] {manager.py:741} INFO - There are 0 files in /opt/airflow/dags
[2026-03-20T10:27:39.391+0000] {manager.py:738} INFO - Searching for files in /opt/airflow/dags
[2026-03-20T10:27:39.393+0000] {manager.py:741} INFO - There are 0 files in /opt/airflow/dags
[2026-03-20T10:32:40.367+0000] {manager.py:738} INFO - Searching for files in /opt/airflow/dags
[2026-03-20T10:32:40.371+0000] {manager.py:741} INFO - There are 0 files in /opt/airflow/dags
[2026-03-20T10:37:40.481+0000] {manager.py:738} INFO - Searching for files in /opt/airflow/dags
[2026-03-20T10:37:40.483+0000] {manager.py:741} INFO - There are 0 files in /opt/airflow/dags
[2026-03-20T10:42:40.760+0000] {manager.py:738} INFO - Searching for files in /opt/airflow/dags
[2026-03-20T10:42:40.762+0000] {manager.py:741} INFO - There are 0 files in /opt/airflow/dags
[2026-03-20T10:47:41.064+0000] {manager.py:738} INFO - Searching for files in /opt/airflow/dags
[2026-03-20T10:47:41.066+0000] {manager.py:741} INFO - There are 0 files in /opt/airflow/dags
[2026-03-20T10:52:41.277+0000] {manager.py:738} INFO - Searching for files in /opt/airflow/dags
[2026-03-20T10:52:41.281+0000] {manager.py:741} INFO - There are 0 files in /opt/airflow/dags
[2026-03-20T10:57:41.402+0000] {manager.py:738} INFO - Searching for files in /opt/airflow/dags
[2026-03-20T10:57:41.407+0000] {manager.py:741} INFO - There are 0 files in /opt/airflow/dags
[2026-03-20T11:02:41.585+0000] {manager.py:738} INFO - Searching for files in /opt/airflow/dags
[2026-03-20T11:02:41.587+0000] {manager.py:741} INFO - There are 0 files in /opt/airflow/dags
[2026-03-20T11:07:41.634+0000] {manager.py:738} INFO - Searching for files in /opt/airflow/dags
[2026-03-20T11:07:41.635+0000] {manager.py:741} INFO - There are 0 files in /opt/airflow/dags
[2026-03-20T11:12:41.634+0000] {manager.py:738} INFO - Searching for files in /opt/airflow/dags
[2026-03-20T11:12:41.638+0000] {manager.py:741} INFO - There are 0 files in /opt/airflow/dags
[2026-03-20T11:17:41.766+0000] {manager.py:738} INFO - Searching for files in /opt/airflow/dags
[2026-03-20T11:17:41.768+0000] {manager.py:741} INFO - There are 0 files in /opt/airflow/dags
[2026-03-20T11:22:41.865+0000] {manager.py:738} INFO - Searching for files in /opt/airflow/dags
[2026-03-20T11:22:41.867+0000] {manager.py:741} INFO - There are 0 files in /opt/airflow/dags
[2026-03-20T11:27:42.179+0000] {manager.py:738} INFO - Searching for files in /opt/airflow/dags
[2026-03-20T11:27:42.180+0000] {manager.py:741} INFO - There are 0 files in /opt/airflow/dags
[2026-03-20T11:32:42.710+0000] {manager.py:738} INFO - Searching for files in /opt/airflow/dags
[2026-03-20T11:32:42.713+0000] {manager.py:741} INFO - There are 0 files in /opt/airflow/dags
[2026-03-20T11:37:43.191+0000] {manager.py:738} INFO - Searching for files in /opt/airflow/dags
[2026-03-20T11:37:43.194+0000] {manager.py:741} INFO - There are 0 files in /opt/airflow/dags
[2026-03-20T11:42:44.006+0000] {manager.py:738} INFO - Searching for files in /opt/airflow/dags
[2026-03-20T11:42:44.010+0000] {manager.py:741} INFO - There are 0 files in /opt/airflow/dags
[2026-03-20T11:47:44.413+0000] {manager.py:738} INFO - Searching for files in /opt/airflow/dags
[2026-03-20T11:47:44.416+0000] {manager.py:741} INFO - There are 0 files in /opt/airflow/dags
[2026-03-20T11:52:45.004+0000] {manager.py:738} INFO - Searching for files in /opt/airflow/dags
[2026-03-20T11:52:45.006+0000] {manager.py:741} INFO - There are 0 files in /opt/airflow/dags
[2026-03-20T11:57:45.527+0000] {manager.py:738} INFO - Searching for files in /opt/airflow/dags
[2026-03-20T11:57:45.530+0000] {manager.py:741} INFO - There are 0 files in /opt/airflow/dags
[2026-03-20T12:02:46.193+0000] {manager.py:738} INFO - Searching for files in /opt/airflow/dags
[2026-03-20T12:02:46.195+0000] {manager.py:741} INFO - There are 0 files in /opt/airflow/dags
[2026-03-20T12:07:46.335+0000] {manager.py:738} INFO - Searching for files in /opt/airflow/dags
[2026-03-20T12:07:46.339+0000] {manager.py:741} INFO - There are 0 files in /opt/airflow/dags
[2026-03-20T12:12:46.686+0000] {manager.py:738} INFO - Searching for files in /opt/airflow/dags
[2026-03-20T12:12:46.689+0000] {manager.py:741} INFO - There are 0 files in /opt/airflow/dags
[2026-03-20T12:17:47.006+0000] {manager.py:738} INFO - Searching for files in /opt/airflow/dags
[2026-03-20T12:17:47.008+0000] {manager.py:741} INFO - There are 0 files in /opt/airflow/dags
[2026-03-20T12:22:47.158+0000] {manager.py:738} INFO - Searching for files in /opt/airflow/dags
[2026-03-20T12:22:47.160+0000] {manager.py:741} INFO - There are 0 files in /opt/airflow/dags
[2026-03-20T12:27:47.368+0000] {manager.py:738} INFO - Searching for files in /opt/airflow/dags
[2026-03-20T12:27:47.374+0000] {manager.py:741} INFO - There are 0 files in /opt/airflow/dags
[2026-03-20T12:32:47.701+0000] {manager.py:738} INFO - Searching for files in /opt/airflow/dags
[2026-03-20T12:32:47.703+0000] {manager.py:741} INFO - There are 0 files in /opt/airflow/dags
[2026-03-20T12:37:47.976+0000] {manager.py:738} INFO - Searching for files in /opt/airflow/dags
[2026-03-20T12:37:47.978+0000] {manager.py:741} INFO - There are 0 files in /opt/airflow/dags
[2026-03-20T12:42:48.036+0000] {manager.py:738} INFO - Searching for files in /opt/airflow/dags
[2026-03-20T12:42:48.037+0000] {manager.py:741} INFO - There are 0 files in /opt/airflow/dags
[2026-03-20T12:47:48.103+0000] {manager.py:738} INFO - Searching for files in /opt/airflow/dags
[2026-03-20T12:47:48.105+0000] {manager.py:741} INFO - There are 0 files in /opt/airflow/dags
[2026-03-20T12:52:48.141+0000] {manager.py:738} INFO - Searching for files in /opt/airflow/dags
[2026-03-20T12:52:48.144+0000] {manager.py:741} INFO - There are 0 files in /opt/airflow/dags
[2026-03-20T12:57:48.175+0000] {manager.py:738} INFO - Searching for files in /opt/airflow/dags
[2026-03-20T12:57:48.177+0000] {manager.py:741} INFO - There are 0 files in /opt/airflow/dags
[2026-03-20T12:59:09.264+0000] {manager.py:451} INFO - Exiting gracefully upon receiving signal 15
[2026-03-20T14:01:18.954+0000] {manager.py:469} INFO - Processing files using up to 2 processes at a time 
[2026-03-20T14:01:18.955+0000] {manager.py:470} INFO - Process each file at most once every 30 seconds
[2026-03-20T14:01:18.955+0000] {manager.py:471} INFO - Checking for new files in /opt/airflow/dags every 300 seconds
[2026-03-20T14:01:18.956+0000] {manager.py:738} INFO - Searching for files in /opt/airflow/dags
[2026-03-20T14:01:18.956+0000] {manager.py:741} INFO - There are 0 files in /opt/airflow/dags
[2026-03-20T14:06:19.949+0000] {manager.py:738} INFO - Searching for files in /opt/airflow/dags
[2026-03-20T14:06:19.953+0000] {manager.py:741} INFO - There are 0 files in /opt/airflow/dags
[2026-03-20T14:11:19.963+0000] {manager.py:738} INFO - Searching for files in /opt/airflow/dags
[2026-03-20T14:11:19.966+0000] {manager.py:741} INFO - There are 0 files in /opt/airflow/dags
[2026-03-20T14:16:20.894+0000] {manager.py:738} INFO - Searching for files in /opt/airflow/dags
[2026-03-20T14:16:20.894+0000] {manager.py:741} INFO - There are 0 files in /opt/airflow/dags
[2026-03-20T14:21:20.962+0000] {manager.py:738} INFO - Searching for files in /opt/airflow/dags
[2026-03-20T14:21:20.963+0000] {manager.py:741} INFO - There are 0 files in /opt/airflow/dags
[2026-03-20T14:26:21.127+0000] {manager.py:738} INFO - Searching for files in /opt/airflow/dags
[2026-03-20T14:26:21.128+0000] {manager.py:741} INFO - There are 0 files in /opt/airflow/dags
[2026-03-20T14:31:21.409+0000] {manager.py:738} INFO - Searching for files in /opt/airflow/dags
[2026-03-20T14:31:21.412+0000] {manager.py:741} INFO - There are 0 files in /opt/airflow/dags
[2026-03-20T14:36:21.589+0000] {manager.py:738} INFO - Searching for files in /opt/airflow/dags
[2026-03-20T14:36:21.590+0000] {manager.py:741} INFO - There are 0 files in /opt/airflow/dags
[2026-03-20T14:41:21.994+0000] {manager.py:738} INFO - Searching for files in /opt/airflow/dags
[2026-03-20T14:41:21.998+0000] {manager.py:741} INFO - There are 0 files in /opt/airflow/dags
[2026-03-20T14:46:22.462+0000] {manager.py:738} INFO - Searching for files in /opt/airflow/dags
[2026-03-20T14:46:22.465+0000] {manager.py:741} INFO - There are 0 files in /opt/airflow/dags
[2026-03-20T14:51:23.030+0000] {manager.py:738} INFO - Searching for files in /opt/airflow/dags
[2026-03-20T14:51:23.033+0000] {manager.py:741} INFO - There are 0 files in /opt/airflow/dags
[2026-03-20T14:56:23.501+0000] {manager.py:738} INFO - Searching for files in /opt/airflow/dags
[2026-03-20T14:56:23.504+0000] {manager.py:741} INFO - There are 0 files in /opt/airflow/dags
[2026-03-20T15:01:24.133+0000] {manager.py:738} INFO - Searching for files in /opt/airflow/dags
[2026-03-20T15:01:24.136+0000] {manager.py:741} INFO - There are 0 files in /opt/airflow/dags
[2026-03-20T15:06:24.384+0000] {manager.py:738} INFO - Searching for files in /opt/airflow/dags
[2026-03-20T15:06:24.386+0000] {manager.py:741} INFO - There are 0 files in /opt/airflow/dags
[2026-03-20T15:11:24.959+0000] {manager.py:738} INFO - Searching for files in /opt/airflow/dags
[2026-03-20T15:11:24.962+0000] {manager.py:741} INFO - There are 0 files in /opt/airflow/dags
[2026-03-20T15:16:25.408+0000] {manager.py:738} INFO - Searching for files in /opt/airflow/dags
[2026-03-20T15:16:25.411+0000] {manager.py:741} INFO - There are 0 files in /opt/airflow/dags
[2026-03-20T15:21:25.627+0000] {manager.py:738} INFO - Searching for files in /opt/airflow/dags
[2026-03-20T15:21:25.629+0000] {manager.py:741} INFO - There are 0 files in /opt/airflow/dags
[2026-03-20T15:26:25.817+0000] {manager.py:738} INFO - Searching for files in /opt/airflow/dags
[2026-03-20T15:26:25.819+0000] {manager.py:741} INFO - There are 0 files in /opt/airflow/dags
[2026-03-20T15:31:25.887+0000] {manager.py:738} INFO - Searching for files in /opt/airflow/dags
[2026-03-20T15:31:25.888+0000] {manager.py:741} INFO - There are 0 files in /opt/airflow/dags
[2026-03-20T15:36:25.953+0000] {manager.py:738} INFO - Searching for files in /opt/airflow/dags
[2026-03-20T15:36:25.954+0000] {manager.py:741} INFO - There are 0 files in /opt/airflow/dags
[2026-03-20T15:41:26.049+0000] {manager.py:738} INFO - Searching for files in /opt/airflow/dags
[2026-03-20T15:41:26.050+0000] {manager.py:741} INFO - There are 0 files in /opt/airflow/dags
[2026-03-20T15:46:26.389+0000] {manager.py:738} INFO - Searching for files in /opt/airflow/dags
[2026-03-20T15:46:26.391+0000] {manager.py:741} INFO - There are 0 files in /opt/airflow/dags
[2026-03-20T15:51:26.626+0000] {manager.py:738} INFO - Searching for files in /opt/airflow/dags
[2026-03-20T15:51:26.630+0000] {manager.py:741} INFO - There are 0 files in /opt/airflow/dags
[2026-03-20T15:56:26.678+0000] {manager.py:738} INFO - Searching for files in /opt/airflow/dags
[2026-03-20T15:56:26.680+0000] {manager.py:741} INFO - There are 0 files in /opt/airflow/dags
[2026-03-20T16:01:27.135+0000] {manager.py:738} INFO - Searching for files in /opt/airflow/dags
[2026-03-20T16:01:27.139+0000] {manager.py:741} INFO - There are 0 files in /opt/airflow/dags
[2026-03-20T16:06:27.575+0000] {manager.py:738} INFO - Searching for files in /opt/airflow/dags
[2026-03-20T16:06:27.577+0000] {manager.py:741} INFO - There are 0 files in /opt/airflow/dags
[2026-03-20T16:11:28.164+0000] {manager.py:738} INFO - Searching for files in /opt/airflow/dags
[2026-03-20T16:11:28.166+0000] {manager.py:741} INFO - There are 0 files in /opt/airflow/dags
[2026-03-20T16:16:28.415+0000] {manager.py:738} INFO - Searching for files in /opt/airflow/dags
[2026-03-20T16:16:28.417+0000] {manager.py:741} INFO - There are 0 files in /opt/airflow/dags
[2026-03-20T16:21:28.829+0000] {manager.py:738} INFO - Searching for files in /opt/airflow/dags
[2026-03-20T16:21:28.830+0000] {manager.py:741} INFO - There are 0 files in /opt/airflow/dags
[2026-03-20T16:26:29.131+0000] {manager.py:738} INFO - Searching for files in /opt/airflow/dags
[2026-03-20T16:26:29.132+0000] {manager.py:741} INFO - There are 0 files in /opt/airflow/dags
[2026-03-20T16:31:29.365+0000] {manager.py:738} INFO - Searching for files in /opt/airflow/dags
[2026-03-20T16:31:29.367+0000] {manager.py:741} INFO - There are 0 files in /opt/airflow/dags
[2026-03-20T16:36:29.908+0000] {manager.py:738} INFO - Searching for files in /opt/airflow/dags
[2026-03-20T16:36:29.910+0000] {manager.py:741} INFO - There are 0 files in /opt/airflow/dags
[2026-03-20T16:41:30.238+0000] {manager.py:738} INFO - Searching for files in /opt/airflow/dags
[2026-03-20T16:41:30.240+0000] {manager.py:741} INFO - There are 0 files in /opt/airflow/dags
[2026-03-20T16:46:30.545+0000] {manager.py:738} INFO - Searching for files in /opt/airflow/dags
[2026-03-20T16:46:30.546+0000] {manager.py:741} INFO - There are 0 files in /opt/airflow/dags
[2026-03-20T16:51:30.743+0000] {manager.py:738} INFO - Searching for files in /opt/airflow/dags
[2026-03-20T16:51:30.744+0000] {manager.py:741} INFO - There are 0 files in /opt/airflow/dags
[2026-03-20T16:56:30.968+0000] {manager.py:738} INFO - Searching for files in /opt/airflow/dags
[2026-03-20T16:56:30.970+0000] {manager.py:741} INFO - There are 0 files in /opt/airflow/dags
[2026-03-20T17:01:31.479+0000] {manager.py:738} INFO - Searching for files in /opt/airflow/dags
[2026-03-20T17:01:31.482+0000] {manager.py:741} INFO - There are 0 files in /opt/airflow/dags
[2026-03-20T17:06:31.706+0000] {manager.py:738} INFO - Searching for files in /opt/airflow/dags
[2026-03-20T17:06:31.708+0000] {manager.py:741} INFO - There are 0 files in /opt/airflow/dags
[2026-03-20T17:11:31.939+0000] {manager.py:738} INFO - Searching for files in /opt/airflow/dags
[2026-03-20T17:11:31.941+0000] {manager.py:741} INFO - There are 0 files in /opt/airflow/dags
[2026-03-20T17:16:32.277+0000] {manager.py:738} INFO - Searching for files in /opt/airflow/dags
[2026-03-20T17:16:32.278+0000] {manager.py:741} INFO - There are 0 files in /opt/airflow/dags
[2026-03-20T17:21:32.590+0000] {manager.py:738} INFO - Searching for files in /opt/airflow/dags
[2026-03-20T17:21:32.591+0000] {manager.py:741} INFO - There are 0 files in /opt/airflow/dags
[2026-03-20T17:26:33.082+0000] {manager.py:738} INFO - Searching for files in /opt/airflow/dags
[2026-03-20T17:26:33.083+0000] {manager.py:741} INFO - There are 0 files in /opt/airflow/dags
[2026-03-20T17:31:33.299+0000] {manager.py:738} INFO - Searching for files in /opt/airflow/dags
[2026-03-20T17:31:33.300+0000] {manager.py:741} INFO - There are 0 files in /opt/airflow/dags
[2026-03-20T17:36:33.543+0000] {manager.py:738} INFO - Searching for files in /opt/airflow/dags
[2026-03-20T17:36:33.546+0000] {manager.py:741} INFO - There are 0 files in /opt/airflow/dags
[2026-03-20T17:41:33.949+0000] {manager.py:738} INFO - Searching for files in /opt/airflow/dags
[2026-03-20T17:41:33.952+0000] {manager.py:741} INFO - There are 0 files in /opt/airflow/dags
[2026-03-20T17:46:34.405+0000] {manager.py:738} INFO - Searching for files in /opt/airflow/dags
[2026-03-20T17:46:34.407+0000] {manager.py:741} INFO - There are 0 files in /opt/airflow/dags
[2026-03-20T17:51:34.884+0000] {manager.py:738} INFO - Searching for files in /opt/airflow/dags
[2026-03-20T17:51:34.887+0000] {manager.py:741} INFO - There are 0 files in /opt/airflow/dags
[2026-03-20T17:56:35.102+0000] {manager.py:738} INFO - Searching for files in /opt/airflow/dags
[2026-03-20T17:56:35.105+0000] {manager.py:741} INFO - There are 0 files in /opt/airflow/dags
[2026-03-20T18:01:35.225+0000] {manager.py:738} INFO - Searching for files in /opt/airflow/dags
[2026-03-20T18:01:35.226+0000] {manager.py:741} INFO - There are 0 files in /opt/airflow/dags
[2026-03-20T18:06:35.409+0000] {manager.py:738} INFO - Searching for files in /opt/airflow/dags
[2026-03-20T18:06:35.411+0000] {manager.py:741} INFO - There are 0 files in /opt/airflow/dags
[2026-03-20T18:11:35.806+0000] {manager.py:738} INFO - Searching for files in /opt/airflow/dags
[2026-03-20T18:11:35.809+0000] {manager.py:741} INFO - There are 0 files in /opt/airflow/dags
[2026-03-20T18:16:35.972+0000] {manager.py:738} INFO - Searching for files in /opt/airflow/dags
[2026-03-20T18:16:35.975+0000] {manager.py:741} INFO - There are 0 files in /opt/airflow/dags
[2026-03-20T18:21:36.227+0000] {manager.py:738} INFO - Searching for files in /opt/airflow/dags
[2026-03-20T18:21:36.229+0000] {manager.py:741} INFO - There are 0 files in /opt/airflow/dags
[2026-03-20T18:26:36.392+0000] {manager.py:738} INFO - Searching for files in /opt/airflow/dags
[2026-03-20T18:26:36.394+0000] {manager.py:741} INFO - There are 0 files in /opt/airflow/dags
[2026-03-20T18:31:36.604+0000] {manager.py:738} INFO - Searching for files in /opt/airflow/dags
[2026-03-20T18:31:36.607+0000] {manager.py:741} INFO - There are 0 files in /opt/airflow/dags
[2026-03-20T18:36:36.783+0000] {manager.py:738} INFO - Searching for files in /opt/airflow/dags
[2026-03-20T18:36:36.785+0000] {manager.py:741} INFO - There are 0 files in /opt/airflow/dags
[2026-03-20T18:41:36.945+0000] {manager.py:738} INFO - Searching for files in /opt/airflow/dags
[2026-03-20T18:41:36.947+0000] {manager.py:741} INFO - There are 0 files in /opt/airflow/dags
[2026-03-20T18:46:37.120+0000] {manager.py:738} INFO - Searching for files in /opt/airflow/dags
[2026-03-20T18:46:37.122+0000] {manager.py:741} INFO - There are 0 files in /opt/airflow/dags
[2026-03-20T18:51:37.251+0000] {manager.py:738} INFO - Searching for files in /opt/airflow/dags
[2026-03-20T18:51:37.253+0000] {manager.py:741} INFO - There are 0 files in /opt/airflow/dags
[2026-03-20T18:56:37.496+0000] {manager.py:738} INFO - Searching for files in /opt/airflow/dags
[2026-03-20T18:56:37.498+0000] {manager.py:741} INFO - There are 0 files in /opt/airflow/dags
[2026-03-20T19:01:38.493+0000] {manager.py:738} INFO - Searching for files in /opt/airflow/dags
[2026-03-20T19:01:38.494+0000] {manager.py:741} INFO - There are 0 files in /opt/airflow/dags
[2026-03-20T19:06:38.671+0000] {manager.py:738} INFO - Searching for files in /opt/airflow/dags
[2026-03-20T19:06:38.672+0000] {manager.py:741} INFO - There are 0 files in /opt/airflow/dags
[2026-03-20T19:11:38.918+0000] {manager.py:738} INFO - Searching for files in /opt/airflow/dags
[2026-03-20T19:11:38.920+0000] {manager.py:741} INFO - There are 0 files in /opt/airflow/dags
[2026-03-20T19:16:39.067+0000] {manager.py:738} INFO - Searching for files in /opt/airflow/dags
[2026-03-20T19:16:39.070+0000] {manager.py:741} INFO - There are 0 files in /opt/airflow/dags
[2026-03-20T19:21:39.504+0000] {manager.py:738} INFO - Searching for files in /opt/airflow/dags
[2026-03-20T19:21:39.507+0000] {manager.py:741} INFO - There are 0 files in /opt/airflow/dags
[2026-03-20T19:26:39.696+0000] {manager.py:738} INFO - Searching for files in /opt/airflow/dags
[2026-03-20T19:26:39.697+0000] {manager.py:741} INFO - There are 0 files in /opt/airflow/dags
[2026-03-20T19:31:40.101+0000] {manager.py:738} INFO - Searching for files in /opt/airflow/dags
[2026-03-20T19:31:40.103+0000] {manager.py:741} INFO - There are 0 files in /opt/airflow/dags
[2026-03-20T19:36:40.312+0000] {manager.py:738} INFO - Searching for files in /opt/airflow/dags
[2026-03-20T19:36:40.314+0000] {manager.py:741} INFO - There are 0 files in /opt/airflow/dags
[2026-03-20T19:41:40.436+0000] {manager.py:738} INFO - Searching for files in /opt/airflow/dags
[2026-03-20T19:41:40.438+0000] {manager.py:741} INFO - There are 0 files in /opt/airflow/dags
[2026-03-20T19:46:41.420+0000] {manager.py:738} INFO - Searching for files in /opt/airflow/dags
[2026-03-20T19:46:41.422+0000] {manager.py:741} INFO - There are 0 files in /opt/airflow/dags
[2026-03-20T19:51:41.486+0000] {manager.py:738} INFO - Searching for files in /opt/airflow/dags
[2026-03-20T19:51:41.488+0000] {manager.py:741} INFO - There are 0 files in /opt/airflow/dags
[2026-03-20T19:56:41.658+0000] {manager.py:738} INFO - Searching for files in /opt/airflow/dags
[2026-03-20T19:56:41.660+0000] {manager.py:741} INFO - There are 0 files in /opt/airflow/dags
[2026-03-20T20:01:42.646+0000] {manager.py:738} INFO - Searching for files in /opt/airflow/dags
[2026-03-20T20:01:42.647+0000] {manager.py:741} INFO - There are 0 files in /opt/airflow/dags
[2026-03-20T20:06:42.950+0000] {manager.py:738} INFO - Searching for files in /opt/airflow/dags
[2026-03-20T20:06:42.952+0000] {manager.py:741} INFO - There are 0 files in /opt/airflow/dags
[2026-03-20T20:11:43.160+0000] {manager.py:738} INFO - Searching for files in /opt/airflow/dags
[2026-03-20T20:11:43.162+0000] {manager.py:741} INFO - There are 0 files in /opt/airflow/dags
[2026-03-20T20:16:43.329+0000] {manager.py:738} INFO - Searching for files in /opt/airflow/dags
[2026-03-20T20:16:43.331+0000] {manager.py:741} INFO - There are 0 files in /opt/airflow/dags
[2026-03-20T20:21:43.439+0000] {manager.py:738} INFO - Searching for files in /opt/airflow/dags
[2026-03-20T20:21:43.440+0000] {manager.py:741} INFO - There are 0 files in /opt/airflow/dags
[2026-03-20T20:26:43.564+0000] {manager.py:738} INFO - Searching for files in /opt/airflow/dags
[2026-03-20T20:26:43.566+0000] {manager.py:741} INFO - There are 0 files in /opt/airflow/dags
[2026-03-20T20:31:43.866+0000] {manager.py:738} INFO - Searching for files in /opt/airflow/dags
[2026-03-20T20:31:43.868+0000] {manager.py:741} INFO - There are 0 files in /opt/airflow/dags
[2026-03-20T20:36:44.110+0000] {manager.py:738} INFO - Searching for files in /opt/airflow/dags
[2026-03-20T20:36:44.111+0000] {manager.py:741} INFO - There are 0 files in /opt/airflow/dags
[2026-03-20T20:41:44.359+0000] {manager.py:738} INFO - Searching for files in /opt/airflow/dags
[2026-03-20T20:41:44.361+0000] {manager.py:741} INFO - There are 0 files in /opt/airflow/dags
[2026-03-20T20:46:44.835+0000] {manager.py:738} INFO - Searching for files in /opt/airflow/dags
[2026-03-20T20:46:44.837+0000] {manager.py:741} INFO - There are 0 files in /opt/airflow/dags
[2026-03-20T20:51:45.325+0000] {manager.py:738} INFO - Searching for files in /opt/airflow/dags
[2026-03-20T20:51:45.327+0000] {manager.py:741} INFO - There are 0 files in /opt/airflow/dags
[2026-03-20T20:56:45.568+0000] {manager.py:738} INFO - Searching for files in /opt/airflow/dags
[2026-03-20T20:56:45.569+0000] {manager.py:741} INFO - There are 0 files in /opt/airflow/dags
[2026-03-20T21:01:45.963+0000] {manager.py:738} INFO - Searching for files in /opt/airflow/dags
[2026-03-20T21:01:45.965+0000] {manager.py:741} INFO - There are 0 files in /opt/airflow/dags
[2026-03-20T21:06:46.122+0000] {manager.py:738} INFO - Searching for files in /opt/airflow/dags
[2026-03-20T21:06:46.124+0000] {manager.py:741} INFO - There are 0 files in /opt/airflow/dags
[2026-03-20T21:11:46.360+0000] {manager.py:738} INFO - Searching for files in /opt/airflow/dags
[2026-03-20T21:11:46.362+0000] {manager.py:741} INFO - There are 0 files in /opt/airflow/dags
[2026-03-20T21:16:46.678+0000] {manager.py:738} INFO - Searching for files in /opt/airflow/dags
[2026-03-20T21:16:46.680+0000] {manager.py:741} INFO - There are 0 files in /opt/airflow/dags
[2026-03-20T21:21:47.671+0000] {manager.py:738} INFO - Searching for files in /opt/airflow/dags
[2026-03-20T21:21:47.672+0000] {manager.py:741} INFO - There are 0 files in /opt/airflow/dags
[2026-03-20T21:26:47.673+0000] {manager.py:738} INFO - Searching for files in /opt/airflow/dags
[2026-03-20T21:26:47.675+0000] {manager.py:741} INFO - There are 0 files in /opt/airflow/dags
[2026-03-20T21:31:48.099+0000] {manager.py:738} INFO - Searching for files in /opt/airflow/dags
[2026-03-20T21:31:48.101+0000] {manager.py:741} INFO - There are 0 files in /opt/airflow/dags
[2026-03-20T21:36:48.375+0000] {manager.py:738} INFO - Searching for files in /opt/airflow/dags
[2026-03-20T21:36:48.376+0000] {manager.py:741} INFO - There are 0 files in /opt/airflow/dags
[2026-03-20T21:41:48.688+0000] {manager.py:738} INFO - Searching for files in /opt/airflow/dags
[2026-03-20T21:41:48.690+0000] {manager.py:741} INFO - There are 0 files in /opt/airflow/dags
[2026-03-20T21:46:48.786+0000] {manager.py:738} INFO - Searching for files in /opt/airflow/dags
[2026-03-20T21:46:48.788+0000] {manager.py:741} INFO - There are 0 files in /opt/airflow/dags
[2026-03-20T21:51:49.726+0000] {manager.py:738} INFO - Searching for files in /opt/airflow/dags
[2026-03-20T21:51:49.731+0000] {manager.py:741} INFO - There are 0 files in /opt/airflow/dags
[2026-03-20T21:56:49.906+0000] {manager.py:738} INFO - Searching for files in /opt/airflow/dags
[2026-03-20T21:56:49.908+0000] {manager.py:741} INFO - There are 0 files in /opt/airflow/dags
[2026-03-20T22:01:49.906+0000] {manager.py:738} INFO - Searching for files in /opt/airflow/dags
[2026-03-20T22:01:49.908+0000] {manager.py:741} INFO - There are 0 files in /opt/airflow/dags
[2026-03-20T22:06:50.869+0000] {manager.py:738} INFO - Searching for files in /opt/airflow/dags
[2026-03-20T22:06:50.871+0000] {manager.py:741} INFO - There are 0 files in /opt/airflow/dags
[2026-03-20T22:11:50.977+0000] {manager.py:738} INFO - Searching for files in /opt/airflow/dags
[2026-03-20T22:11:50.978+0000] {manager.py:741} INFO - There are 0 files in /opt/airflow/dags
[2026-03-20T22:16:51.365+0000] {manager.py:738} INFO - Searching for files in /opt/airflow/dags
[2026-03-20T22:16:51.366+0000] {manager.py:741} INFO - There are 0 files in /opt/airflow/dags
[2026-03-20T22:21:51.614+0000] {manager.py:738} INFO - Searching for files in /opt/airflow/dags
[2026-03-20T22:21:51.617+0000] {manager.py:741} INFO - There are 0 files in /opt/airflow/dags
[2026-03-20T22:26:51.975+0000] {manager.py:738} INFO - Searching for files in /opt/airflow/dags
[2026-03-20T22:26:51.977+0000] {manager.py:741} INFO - There are 0 files in /opt/airflow/dags
[2026-03-20T22:31:52.178+0000] {manager.py:738} INFO - Searching for files in /opt/airflow/dags
[2026-03-20T22:31:52.180+0000] {manager.py:741} INFO - There are 0 files in /opt/airflow/dags
[2026-03-20T22:36:52.392+0000] {manager.py:738} INFO - Searching for files in /opt/airflow/dags
[2026-03-20T22:36:52.393+0000] {manager.py:741} INFO - There are 0 files in /opt/airflow/dags
[2026-03-20T22:41:52.494+0000] {manager.py:738} INFO - Searching for files in /opt/airflow/dags
[2026-03-20T22:41:52.495+0000] {manager.py:741} INFO - There are 0 files in /opt/airflow/dags
[2026-03-20T22:46:53.019+0000] {manager.py:738} INFO - Searching for files in /opt/airflow/dags
[2026-03-20T22:46:53.020+0000] {manager.py:741} INFO - There are 0 files in /opt/airflow/dags
[2026-03-20T22:51:53.089+0000] {manager.py:738} INFO - Searching for files in /opt/airflow/dags
[2026-03-20T22:51:53.090+0000] {manager.py:741} INFO - There are 0 files in /opt/airflow/dags
[2026-03-20T22:56:53.184+0000] {manager.py:738} INFO - Searching for files in /opt/airflow/dags
[2026-03-20T22:56:53.186+0000] {manager.py:741} INFO - There are 0 files in /opt/airflow/dags
[2026-03-20T23:01:53.345+0000] {manager.py:738} INFO - Searching for files in /opt/airflow/dags
[2026-03-20T23:01:53.347+0000] {manager.py:741} INFO - There are 0 files in /opt/airflow/dags
[2026-03-20T23:06:53.567+0000] {manager.py:738} INFO - Searching for files in /opt/airflow/dags
[2026-03-20T23:06:53.568+0000] {manager.py:741} INFO - There are 0 files in /opt/airflow/dags
[2026-03-20T23:11:53.930+0000] {manager.py:738} INFO - Searching for files in /opt/airflow/dags
[2026-03-20T23:11:53.933+0000] {manager.py:741} INFO - There are 0 files in /opt/airflow/dags
[2026-03-20T23:16:54.219+0000] {manager.py:738} INFO - Searching for files in /opt/airflow/dags
[2026-03-20T23:16:54.220+0000] {manager.py:741} INFO - There are 0 files in /opt/airflow/dags
[2026-03-20T23:21:54.614+0000] {manager.py:738} INFO - Searching for files in /opt/airflow/dags
[2026-03-20T23:21:54.616+0000] {manager.py:741} INFO - There are 0 files in /opt/airflow/dags
[2026-03-20T23:26:55.049+0000] {manager.py:738} INFO - Searching for files in /opt/airflow/dags
[2026-03-20T23:26:55.051+0000] {manager.py:741} INFO - There are 0 files in /opt/airflow/dags
[2026-03-20T23:31:55.350+0000] {manager.py:738} INFO - Searching for files in /opt/airflow/dags
[2026-03-20T23:31:55.351+0000] {manager.py:741} INFO - There are 0 files in /opt/airflow/dags
[2026-03-20T23:36:55.599+0000] {manager.py:738} INFO - Searching for files in /opt/airflow/dags
[2026-03-20T23:36:55.601+0000] {manager.py:741} INFO - There are 0 files in /opt/airflow/dags
[2026-03-20T23:41:55.703+0000] {manager.py:738} INFO - Searching for files in /opt/airflow/dags
[2026-03-20T23:41:55.704+0000] {manager.py:741} INFO - There are 0 files in /opt/airflow/dags
[2026-03-20T23:46:56.082+0000] {manager.py:738} INFO - Searching for files in /opt/airflow/dags
[2026-03-20T23:46:56.084+0000] {manager.py:741} INFO - There are 0 files in /opt/airflow/dags
[2026-03-20T23:51:56.328+0000] {manager.py:738} INFO - Searching for files in /opt/airflow/dags
[2026-03-20T23:51:56.330+0000] {manager.py:741} INFO - There are 0 files in /opt/airflow/dags
[2026-03-20T23:56:56.673+0000] {manager.py:738} INFO - Searching for files in /opt/airflow/dags
[2026-03-20T23:56:56.674+0000] {manager.py:741} INFO - There are 0 files in /opt/airflow/dags
[2026-03-21T00:01:57.073+0000] {manager.py:738} INFO - Searching for files in /opt/airflow/dags
[2026-03-21T00:01:57.074+0000] {manager.py:741} INFO - There are 0 files in /opt/airflow/dags
[2026-03-21T00:06:57.415+0000] {manager.py:738} INFO - Searching for files in /opt/airflow/dags
[2026-03-21T00:06:57.416+0000] {manager.py:741} INFO - There are 0 files in /opt/airflow/dags
[2026-03-21T00:11:57.684+0000] {manager.py:738} INFO - Searching for files in /opt/airflow/dags
[2026-03-21T00:11:57.686+0000] {manager.py:741} INFO - There are 0 files in /opt/airflow/dags
[2026-03-21T00:16:57.709+0000] {manager.py:738} INFO - Searching for files in /opt/airflow/dags
[2026-03-21T00:16:57.710+0000] {manager.py:741} INFO - There are 0 files in /opt/airflow/dags
[2026-03-21T00:21:58.080+0000] {manager.py:738} INFO - Searching for files in /opt/airflow/dags
[2026-03-21T00:21:58.081+0000] {manager.py:741} INFO - There are 0 files in /opt/airflow/dags
[2026-03-21T00:26:58.459+0000] {manager.py:738} INFO - Searching for files in /opt/airflow/dags
[2026-03-21T00:26:58.461+0000] {manager.py:741} INFO - There are 0 files in /opt/airflow/dags
[2026-03-21T00:31:58.719+0000] {manager.py:738} INFO - Searching for files in /opt/airflow/dags
[2026-03-21T00:31:58.720+0000] {manager.py:741} INFO - There are 0 files in /opt/airflow/dags
[2026-03-21T00:36:58.910+0000] {manager.py:738} INFO - Searching for files in /opt/airflow/dags
[2026-03-21T00:36:58.912+0000] {manager.py:741} INFO - There are 0 files in /opt/airflow/dags
[2026-03-21T00:41:59.328+0000] {manager.py:738} INFO - Searching for files in /opt/airflow/dags
[2026-03-21T00:41:59.330+0000] {manager.py:741} INFO - There are 0 files in /opt/airflow/dags
[2026-03-21T00:46:59.702+0000] {manager.py:738} INFO - Searching for files in /opt/airflow/dags
[2026-03-21T00:46:59.704+0000] {manager.py:741} INFO - There are 0 files in /opt/airflow/dags
[2026-03-21T00:52:00.047+0000] {manager.py:738} INFO - Searching for files in /opt/airflow/dags
[2026-03-21T00:52:00.048+0000] {manager.py:741} INFO - There are 0 files in /opt/airflow/dags
[2026-03-21T00:57:00.588+0000] {manager.py:738} INFO - Searching for files in /opt/airflow/dags
[2026-03-21T00:57:00.590+0000] {manager.py:741} INFO - There are 0 files in /opt/airflow/dags
[2026-03-21T01:02:00.818+0000] {manager.py:738} INFO - Searching for files in /opt/airflow/dags
[2026-03-21T01:02:00.820+0000] {manager.py:741} INFO - There are 0 files in /opt/airflow/dags
[2026-03-21T01:07:01.137+0000] {manager.py:738} INFO - Searching for files in /opt/airflow/dags
[2026-03-21T01:07:01.139+0000] {manager.py:741} INFO - There are 0 files in /opt/airflow/dags
[2026-03-21T01:12:01.470+0000] {manager.py:738} INFO - Searching for files in /opt/airflow/dags
[2026-03-21T01:12:01.472+0000] {manager.py:741} INFO - There are 0 files in /opt/airflow/dags
[2026-03-21T01:17:01.726+0000] {manager.py:738} INFO - Searching for files in /opt/airflow/dags
[2026-03-21T01:17:01.728+0000] {manager.py:741} INFO - There are 0 files in /opt/airflow/dags
[2026-03-21T01:22:02.622+0000] {manager.py:738} INFO - Searching for files in /opt/airflow/dags
[2026-03-21T01:22:02.624+0000] {manager.py:741} INFO - There are 0 files in /opt/airflow/dags
[2026-03-21T01:27:02.819+0000] {manager.py:738} INFO - Searching for files in /opt/airflow/dags
[2026-03-21T01:27:02.821+0000] {manager.py:741} INFO - There are 0 files in /opt/airflow/dags
[2026-03-21T01:32:03.274+0000] {manager.py:738} INFO - Searching for files in /opt/airflow/dags
[2026-03-21T01:32:03.276+0000] {manager.py:741} INFO - There are 0 files in /opt/airflow/dags
[2026-03-21T01:37:03.587+0000] {manager.py:738} INFO - Searching for files in /opt/airflow/dags
[2026-03-21T01:37:03.589+0000] {manager.py:741} INFO - There are 0 files in /opt/airflow/dags
[2026-03-21T01:42:03.998+0000] {manager.py:738} INFO - Searching for files in /opt/airflow/dags
[2026-03-21T01:42:04.000+0000] {manager.py:741} INFO - There are 0 files in /opt/airflow/dags
[2026-03-21T01:47:04.564+0000] {manager.py:738} INFO - Searching for files in /opt/airflow/dags
[2026-03-21T01:47:04.566+0000] {manager.py:741} INFO - There are 0 files in /opt/airflow/dags
[2026-03-21T01:52:04.804+0000] {manager.py:738} INFO - Searching for files in /opt/airflow/dags
[2026-03-21T01:52:04.808+0000] {manager.py:741} INFO - There are 0 files in /opt/airflow/dags
[2026-03-21T01:57:05.022+0000] {manager.py:738} INFO - Searching for files in /opt/airflow/dags
[2026-03-21T01:57:05.024+0000] {manager.py:741} INFO - There are 0 files in /opt/airflow/dags
[2026-03-21T02:02:05.104+0000] {manager.py:738} INFO - Searching for files in /opt/airflow/dags
[2026-03-21T02:02:05.105+0000] {manager.py:741} INFO - There are 0 files in /opt/airflow/dags
[2026-03-21T02:07:06.023+0000] {manager.py:738} INFO - Searching for files in /opt/airflow/dags
[2026-03-21T02:07:06.025+0000] {manager.py:741} INFO - There are 0 files in /opt/airflow/dags
[2026-03-21T02:12:06.069+0000] {manager.py:738} INFO - Searching for files in /opt/airflow/dags
[2026-03-21T02:12:06.071+0000] {manager.py:741} INFO - There are 0 files in /opt/airflow/dags
[2026-03-21T02:17:06.116+0000] {manager.py:738} INFO - Searching for files in /opt/airflow/dags
[2026-03-21T02:17:06.117+0000] {manager.py:741} INFO - There are 0 files in /opt/airflow/dags
