[0m11:39:10.919093 [debug] [MainThread]: Sending event: {'category': 'dbt', 'action': 'invocation', 'label': 'start', 'context': [<snowplow_tracker.self_describing_json.SelfDescribingJson object at 0x10db32a10>, <snowplow_tracker.self_describing_json.SelfDescribingJson object at 0x10dba35d0>, <snowplow_tracker.self_describing_json.SelfDescribingJson object at 0x10dba3f90>]}


============================== 11:39:10.921152 | 2d0f19d6-eef3-478b-b606-2572cfcfc181 ==============================
[0m11:39:10.921152 [info ] [MainThread]: Running with dbt=1.7.4
[0m11:39:10.921434 [debug] [MainThread]: running dbt with arguments {'printer_width': '80', 'indirect_selection': 'eager', 'log_cache_events': 'False', 'write_json': 'True', 'partial_parse': 'True', 'cache_selected_only': 'False', 'profiles_dir': '/Users/macbook/.dbt', 'debug': 'False', 'warn_error': 'None', 'log_path': 'logs', 'version_check': 'True', 'fail_fast': 'False', 'use_colors': 'True', 'use_experimental_parser': 'False', 'no_print': 'None', 'quiet': 'False', 'log_format': 'default', 'static_parser': 'True', 'warn_error_options': 'WarnErrorOptions(include=[], exclude=[])', 'introspect': 'True', 'target_path': 'None', 'invocation_command': 'dbt init edu001 --skip-profile-setup', 'send_anonymous_usage_stats': 'True'}
[0m11:39:10.921924 [debug] [MainThread]: Starter project path: /Users/macbook/projects/edu_project/venv_dbt/lib/python3.11/site-packages/dbt/include/starter_project
[0m11:39:10.925109 [info ] [MainThread]: 
Your new dbt project "edu001" was created!

For more information on how to configure the profiles.yml file,
please consult the dbt documentation here:

  https://docs.getdbt.com/docs/configure-your-profile

One more thing:

Need help? Don't hesitate to reach out to us via GitHub issues or on Slack:

  https://community.getdbt.com/

Happy modeling!

[0m11:39:10.928271 [debug] [MainThread]: Resource report: {"command_name": "init", "command_success": true, "command_wall_clock_time": 0.04099621, "process_user_time": 0.779815, "process_kernel_time": 0.164341, "process_mem_max_rss": "119586816", "process_in_blocks": "0", "process_out_blocks": "0"}
[0m11:39:10.928559 [debug] [MainThread]: Command `dbt init` succeeded at 11:39:10.928482 after 0.04 seconds
[0m11:39:10.928771 [debug] [MainThread]: Sending event: {'category': 'dbt', 'action': 'invocation', 'label': 'end', 'context': [<snowplow_tracker.self_describing_json.SelfDescribingJson object at 0x104573610>, <snowplow_tracker.self_describing_json.SelfDescribingJson object at 0x10db92210>, <snowplow_tracker.self_describing_json.SelfDescribingJson object at 0x10db48710>]}
[0m11:39:10.928954 [debug] [MainThread]: Flushing usage events
[0m11:50:33.933353 [debug] [MainThread]: Sending event: {'category': 'dbt', 'action': 'invocation', 'label': 'start', 'context': [<snowplow_tracker.self_describing_json.SelfDescribingJson object at 0x109efd550>, <snowplow_tracker.self_describing_json.SelfDescribingJson object at 0x109f57650>, <snowplow_tracker.self_describing_json.SelfDescribingJson object at 0x109f57f90>]}


============================== 11:50:33.935214 | e3da8b15-1071-4a89-86db-7d111c636ea7 ==============================
[0m11:50:33.935214 [info ] [MainThread]: Running with dbt=1.7.4
[0m11:50:33.935482 [debug] [MainThread]: running dbt with arguments {'printer_width': '80', 'indirect_selection': 'eager', 'log_cache_events': 'False', 'write_json': 'True', 'partial_parse': 'True', 'cache_selected_only': 'False', 'warn_error': 'None', 'fail_fast': 'False', 'debug': 'False', 'log_path': 'logs', 'version_check': 'True', 'profiles_dir': '/Users/macbook/.dbt', 'use_colors': 'True', 'use_experimental_parser': 'False', 'no_print': 'None', 'quiet': 'False', 'log_format': 'default', 'invocation_command': 'dbt init edu001 --skip-profile-setup', 'warn_error_options': 'WarnErrorOptions(include=[], exclude=[])', 'static_parser': 'True', 'target_path': 'None', 'introspect': 'True', 'send_anonymous_usage_stats': 'True'}
[0m11:50:33.935901 [debug] [MainThread]: Starter project path: /Users/macbook/projects/edu_project/venv_dbt/lib/python3.11/site-packages/dbt/include/starter_project
[0m11:50:33.938690 [info ] [MainThread]: 
Your new dbt project "edu001" was created!

For more information on how to configure the profiles.yml file,
please consult the dbt documentation here:

  https://docs.getdbt.com/docs/configure-your-profile

One more thing:

Need help? Don't hesitate to reach out to us via GitHub issues or on Slack:

  https://community.getdbt.com/

Happy modeling!

[0m11:50:33.940114 [debug] [MainThread]: Resource report: {"command_name": "init", "command_success": true, "command_wall_clock_time": 0.030244876, "process_user_time": 0.692698, "process_kernel_time": 0.102956, "process_mem_max_rss": "118669312", "process_in_blocks": "0", "process_out_blocks": "0"}
[0m11:50:33.940338 [debug] [MainThread]: Command `dbt init` succeeded at 11:50:33.940277 after 0.03 seconds
[0m11:50:33.940511 [debug] [MainThread]: Sending event: {'category': 'dbt', 'action': 'invocation', 'label': 'end', 'context': [<snowplow_tracker.self_describing_json.SelfDescribingJson object at 0x109560450>, <snowplow_tracker.self_describing_json.SelfDescribingJson object at 0x105823490>, <snowplow_tracker.self_describing_json.SelfDescribingJson object at 0x108265550>]}
[0m11:50:33.940662 [debug] [MainThread]: Flushing usage events
[0m11:52:39.922443 [debug] [MainThread]: Sending event: {'category': 'dbt', 'action': 'invocation', 'label': 'start', 'context': [<snowplow_tracker.self_describing_json.SelfDescribingJson object at 0x109bdd550>, <snowplow_tracker.self_describing_json.SelfDescribingJson object at 0x109bc9b10>, <snowplow_tracker.self_describing_json.SelfDescribingJson object at 0x109c3fa50>]}


============================== 11:52:39.923926 | 0044b9f1-a504-46dc-a0f3-72b9833958d9 ==============================
[0m11:52:39.923926 [info ] [MainThread]: Running with dbt=1.7.4
[0m11:52:39.924196 [debug] [MainThread]: running dbt with arguments {'printer_width': '80', 'indirect_selection': 'eager', 'log_cache_events': 'False', 'write_json': 'True', 'partial_parse': 'True', 'cache_selected_only': 'False', 'warn_error': 'None', 'fail_fast': 'False', 'profiles_dir': '/Users/macbook/.dbt', 'log_path': 'logs', 'debug': 'False', 'version_check': 'True', 'use_colors': 'True', 'use_experimental_parser': 'False', 'no_print': 'None', 'quiet': 'False', 'log_format': 'default', 'invocation_command': 'dbt init edu001 --skip-profile-setup', 'static_parser': 'True', 'introspect': 'True', 'target_path': 'None', 'warn_error_options': 'WarnErrorOptions(include=[], exclude=[])', 'send_anonymous_usage_stats': 'True'}
[0m11:52:39.924639 [debug] [MainThread]: Starter project path: /Users/macbook/projects/edu_project/venv_dbt/lib/python3.11/site-packages/dbt/include/starter_project
[0m11:52:39.927352 [info ] [MainThread]: 
Your new dbt project "edu001" was created!

For more information on how to configure the profiles.yml file,
please consult the dbt documentation here:

  https://docs.getdbt.com/docs/configure-your-profile

One more thing:

Need help? Don't hesitate to reach out to us via GitHub issues or on Slack:

  https://community.getdbt.com/

Happy modeling!

[0m11:52:39.928596 [debug] [MainThread]: Resource report: {"command_name": "init", "command_success": true, "command_wall_clock_time": 0.027809918, "process_user_time": 0.696828, "process_kernel_time": 0.110068, "process_mem_max_rss": "118571008", "process_in_blocks": "0", "process_out_blocks": "0"}
[0m11:52:39.928833 [debug] [MainThread]: Command `dbt init` succeeded at 11:52:39.928770 after 0.03 seconds
[0m11:52:39.929010 [debug] [MainThread]: Sending event: {'category': 'dbt', 'action': 'invocation', 'label': 'end', 'context': [<snowplow_tracker.self_describing_json.SelfDescribingJson object at 0x109c3fe10>, <snowplow_tracker.self_describing_json.SelfDescribingJson object at 0x109c3c7d0>, <snowplow_tracker.self_describing_json.SelfDescribingJson object at 0x1053f5390>]}
[0m11:52:39.929168 [debug] [MainThread]: Flushing usage events
